<?xml version="1.0" encoding="UTF-8"?>
<!-- Generated by org.testng.reporters.JUnitXMLReporter -->
<testsuite hostname="shree-PC" name="Test" tests="2" failures="2" timestamp="1 Dec 2018 04:42:51 GMT" time="0.067" errors="0">
  <testcase name="fSoftAssert1" time="0.024" classname="Assertiondemo.AssertTypesDemo">
    <failure type="java.lang.AssertionError" message="The following asserts failed:
	expected [true] but found [false]">
      <![CDATA[java.lang.AssertionError: The following asserts failed:
	expected [true] but found [false]
	at Assertiondemo.AssertTypesDemo.fSoftAssert1(AssertTypesDemo.java:15)
... Removed 25 stack frames]]>
    </failure>
  </testcase> <!-- fSoftAssert1 -->
  <testcase name="hardassert1" time="0.003" classname="Assertiondemo.AssertTypesDemo">
    <failure type="java.lang.AssertionError" message="expected [true] but found [false]">
      <![CDATA[java.lang.AssertionError: expected [true] but found [false]
	at Assertiondemo.AssertTypesDemo.hardassert1(AssertTypesDemo.java:22)
... Removed 28 stack frames]]>
    </failure>
  </testcase> <!-- hardassert1 -->
</testsuite> <!-- Test -->
